<?xml version="1.0"?><coverage lines-covered="3634" lines-valid="12446" line-rate="0.29198135947292303" branches-covered="0" branches-valid="0" branch-rate="0" complexity="0" version="1.9" timestamp="1776505524"><sources><source>/home/daniel/Coding/Rust/koji</source></sources><packages><package name="crates/koji-core/src/backends/installer" line-rate="0.13656387665198239" branch-rate="0" complexity="0"><classes><class name="download" filename="crates/koji-core/src/backends/installer/download.rs" line-rate="0" branch-rate="0" complexity="0"><methods/><lines><line number="19" hits="0"/><line number="24" hits="0"/><line number="26" hits="0"/><line number="27" hits="0"/><line number="30" hits="0"/><line number="31" hits="0"/><line number="33" hits="0"/><line number="34" hits="0"/><line number="36" hits="0"/><line number="37" hits="0"/><line number="39" hits="0"/><line number="43" hits="0"/><line number="45" hits="0"/><line number="47" hits="0"/><line number="48" hits="0"/><line number="49" hits="0"/><line number="50" hits="0"/><line number="52" hits="0"/><line number="53" hits="0"/><line number="54" hits="0"/><line number="55" hits="0"/><line number="58" hits="0"/><line number="59" hits="0"/><line number="61" hits="0"/><line number="62" hits="0"/><line number="64" hits="0"/><line number="66" hits="0"/><line number="67" hits="0"/><line number="68" hits="0"/><line number="72" hits="0"/><line number="73" hits="0"/><line number="78" hits="0"/><line number="79" hits="0"/><line number="82" hits="0"/><line number="83" hits="0"/><line number="84" hits="0"/><line number="85" hits="0"/><line number="86" hits="0"/><line number="87" hits="0"/><line number="90" hits="0"/><line number="91" hits="0"/><line number="92" hits="0"/><line number="94" hits="0"/><line number="95" hits="0"/><line number="96" hits="0"/><line number="97" hits="0"/><line number="98" hits="0"/><line number="102" hits="0"/><line number="104" hits="0"/><line number="105" hits="0"/></lines></class><class name="extract" filename="crates/koji-core/src/backends/installer/extract.rs" line-rate="0" branch-rate="0" complexity="0"><methods/><lines><line number="8" hits="0"/><line number="9" hits="0"/><line number="11" hits="0"/><line number="13" hits="0"/><line number="14" hits="0"/><line number="16" hits="0"/><line number="17" hits="0"/><line number="18" hits="0"/><line number="19" hits="0"/><line number="20" hits="0"/><line number="21" hits="0"/><line number="22" hits="0"/><line number="23" hits="0"/><line number="31" hits="0"/><line number="32" hits="0"/><line number="33" hits="0"/><line number="34" hits="0"/><line number="35" hits="0"/><line number="36" hits="0"/><line number="37" hits="0"/><line number="38" hits="0"/><line number="39" hits="0"/><line number="40" hits="0"/><line number="41" hits="0"/><line number="42" hits="0"/><line number="43" hits="0"/><line number="48" hits="0"/><line number="49" hits="0"/><line number="54" hits="0"/><line number="56" hits="0"/><line number="57" hits="0"/><line number="58" hits="0"/><line number="60" hits="0"/><line number="61" hits="0"/><line number="65" hits="0"/><line number="67" hits="0"/><line number="70" hits="0"/><line number="71" hits="0"/><line number="74" hits="0"/><line number="76" hits="0"/><line number="77" hits="0"/><line number="79" hits="0"/><line number="80" hits="0"/><line number="82" hits="0"/><line number="83" hits="0"/><line number="89" hits="0"/><line number="90" hits="0"/><line number="96" hits="0"/><line number="99" hits="0"/><line number="103" hits="0"/><line number="107" hits="0"/><line number="110" hits="0"/><line number="111" hits="0"/><line number="112" hits="0"/><line number="113" hits="0"/><line number="114" hits="0"/><line number="115" hits="0"/><line number="117" hits="0"/><line number="118" hits="0"/><line number="119" hits="0"/><line number="124" hits="0"/><line number="127" hits="0"/><line number="128" hits="0"/></lines></class><class name="mod" filename="crates/koji-core/src/backends/installer/mod.rs" line-rate="0.16" branch-rate="0" complexity="0"><methods/><lines><line number="32" hits="1"/><line number="33" hits="1"/><line number="34" hits="1"/><line number="35" hits="2"/><line number="36" hits="0"/><line number="44" hits="0"/><line number="48" hits="0"/><line number="49" hits="0"/><line number="50" hits="0"/><line number="53" hits="0"/><line number="54" hits="0"/><line number="59" hits="0"/><line number="61" hits="0"/><line number="66" hits="0"/><line number="68" hits="0"/><line number="70" hits="0"/><line number="72" hits="0"/><line number="78" hits="0"/><line number="79" hits="0"/><line number="80" hits="0"/><line number="81" hits="0"/><line number="82" hits="0"/><line number="84" hits="0"/><line number="93" hits="0"/><line number="94" hits="0"/></lines></class><class name="prebuilt" filename="crates/koji-core/src/backends/installer/prebuilt.rs" line-rate="0" branch-rate="0" complexity="0"><methods/><lines><line number="13" hits="0"/><line number="14" hits="0"/><line number="15" hits="0"/><line number="16" hits="0"/><line number="17" hits="0"/><line number="18" hits="0"/><line number="23" hits="0"/><line number="24" hits="0"/><line number="25" hits="0"/><line number="26" hits="0"/><line number="27" hits="0"/><line number="28" hits="0"/><line number="36" hits="0"/><line number="37" hits="0"/><line number="38" hits="0"/><line number="39" hits="0"/><line number="42" hits="0"/><line number="44" hits="0"/><line number="45" hits="0"/><line number="47" hits="0"/><line number="53" hits="0"/><line number="56" hits="0"/><line number="57" hits="0"/><line number="61" hits="0"/><line number="67" hits="0"/><line number="68" hits="0"/><line number="74" hits="0"/><line number="76" hits="0"/><line number="77" hits="0"/><line number="79" hits="0"/><line number="82" hits="0"/><line number="83" hits="0"/><line number="85" hits="0"/><line number="86" hits="0"/><line number="87" hits="0"/><line number="90" hits="0"/><line number="92" hits="0"/><line number="93" hits="0"/><line number="94" hits="0"/><line number="95" hits="0"/><line number="99" hits="0"/><line number="101" hits="0"/><line number="102" hits="0"/><line number="105" hits="0"/><line number="106" hits="0"/><line number="108" hits="0"/><line number="109" hits="0"/><line number="110" hits="0"/><line number="113" hits="0"/><line number="114" hits="0"/><line number="115" hits="0"/><line number="116" hits="0"/><line number="117" hits="0"/><line number="118" hits="0"/><line number="122" hits="0"/><line number="123" hits="0"/></lines></class><class name="source" filename="crates/koji-core/src/backends/installer/source.rs" line-rate="0.12195121951219512" branch-rate="0" complexity="0"><methods/><lines><line number="15" hits="0"/><line number="16" hits="0"/><line number="17" hits="0"/><line number="18" hits="0"/><line number="19" hits="0"/><line number="24" hits="0"/><line number="32" hits="0"/><line number="33" hits="0"/><line number="36" hits="0"/><line number="39" hits="0"/><line number="40" hits="0"/><line number="41" hits="0"/><line number="47" hits="0"/><line number="48" hits="0"/><line number="54" hits="0"/><line number="55" hits="0"/><line number="66" hits="0"/><line number="67" hits="0"/><line number="68" hits="0"/><line number="71" hits="0"/><line number="72" hits="0"/><line number="74" hits="0"/><line number="78" hits="0"/><line number="79" hits="0"/><line number="85" hits="0"/><line number="86" hits="0"/><line number="87" hits="0"/><line number="90" hits="0"/><line number="92" hits="0"/><line number="95" hits="0"/><line number="98" hits="0"/><line number="101" hits="0"/><line number="106" hits="0"/><line number="107" hits="0"/><line number="108" hits="0"/><line number="112" hits="0"/><line number="123" hits="0"/><line number="132" hits="0"/><line number="134" hits="0"/><line number="135" hits="0"/><line number="140" hits="0"/><line number="141" hits="0"/><line number="147" hits="0"/><line number="148" hits="0"/><line number="151" hits="0"/><line number="153" hits="0"/><line number="154" hits="0"/><line number="160" hits="0"/><line number="161" hits="0"/><line number="162" hits="0"/><line number="164" hits="0"/><line number="166" hits="0"/><line number="167" hits="0"/><line number="175" hits="0"/><line number="176" hits="0"/><line number="179" hits="0"/><line number="183" hits="0"/><line number="184" hits="0"/><line number="185" hits="0"/><line number="187" hits="0"/><line number="191" hits="0"/><line number="192" hits="0"/><line number="194" hits="0"/><line number="197" hits="0"/><line number="198" hits="0"/><line number="203" hits="0"/><line number="204" hits="0"/><line number="205" hits="0"/><line number="208" hits="0"/><line number="210" hits="0"/><line number="211" hits="0"/><line number="215" hits="0"/><line number="216" hits="0"/><line number="224" hits="0"/><line number="229" hits="0"/><line number="230" hits="0"/><line number="232" hits="0"/><line number="233" hits="0"/><line number="237" hits="0"/><line number="238" hits="0"/><line number="241" hits="0"/><line number="243" hits="0"/><line number="244" hits="0"/><line number="247" hits="0"/><line number="252" hits="0"/><line number="257" hits="0"/><line number="258" hits="0"/><line number="260" hits="0"/><line number="262" hits="0"/><line number="263" hits="0"/><line number="264" hits="0"/><line number="265" hits="0"/><line number="267" hits="0"/><line number="269" hits="0"/><line number="270" hits="0"/><line number="273" hits="0"/><line number="275" hits="0"/><line number="276" hits="0"/><line number="279" hits="0"/><line number="280" hits="0"/><line number="281" hits="0"/><line number="286" hits="0"/><line number="287" hits="0"/><line number="288" hits="0"/><line number="291" hits="0"/><line number="292" hits="0"/><line number="293" hits="0"/><line number="300" hits="0"/><line number="306" hits="5"/><line number="312" hits="8"/><line number="313" hits="1"/><line number="314" hits="5"/><line number="315" hits="4"/><line number="316" hits="5"/><line number="317" hits="1"/><line number="321" hits="1"/><line number="322" hits="3"/><line number="324" hits="2"/><line number="327" hits="0"/><line number="330" hits="0"/><line number="333" hits="7"/><line number="334" hits="3"/><line number="335" hits="3"/><line number="340" hits="4"/><line number="341" hits="3"/><line number="355" hits="4"/><line number="356" hits="2"/><line number="359" hits="2"/><line number="395" hits="1"/><line number="520" hits="3"/><line number="524" hits="3"/><line number="525" hits="3"/><line number="526" hits="3"/><line number="527" hits="1"/><line number="529" hits="2"/><line number="533" hits="0"/><line number="536" hits="0"/><line number="540" hits="0"/><line number="541" hits="0"/><line number="543" hits="0"/><line number="547" hits="0"/><line number="548" hits="0"/><line number="551" hits="0"/><line number="552" hits="0"/><line number="556" hits="0"/><line number="562" hits="0"/><line number="563" hits="0"/><line number="564" hits="0"/><line number="565" hits="0"/><line number="571" hits="0"/><line number="573" hits="0"/><line number="575" hits="0"/><line number="577" hits="0"/><line number="586" hits="0"/><line number="587" hits="0"/><line number="588" hits="0"/><line number="589" hits="0"/><line number="590" hits="0"/><line number="591" hits="0"/><line number="592" hits="0"/><line number="594" hits="0"/><line number="601" hits="0"/><line number="603" hits="0"/><line number="604" hits="0"/><line number="609" hits="0"/><line number="614" hits="0"/><line number="615" hits="0"/><line number="616" hits="0"/><line number="621" hits="0"/><line number="666" hits="0"/><line number="667" hits="0"/><line number="669" hits="0"/><line number="673" hits="0"/><line number="676" hits="0"/><line number="678" hits="0"/><line number="679" hits="0"/><line number="682" hits="0"/><line number="687" hits="0"/><line number="692" hits="0"/><line number="693" hits="0"/><line number="695" hits="0"/><line number="696" hits="0"/><line number="698" hits="0"/><line number="699" hits="0"/><line number="702" hits="0"/><line number="708" hits="0"/><line number="709" hits="0"/><line number="710" hits="0"/><line number="715" hits="0"/><line number="716" hits="0"/><line number="717" hits="0"/><line number="718" hits="0"/><line number="719" hits="0"/><line number="720" hits="0"/><line number="724" hits="0"/><line number="726" hits="0"/><line number="727" hits="0"/><line number="728" hits="0"/><line number="729" hits="0"/><line number="730" hits="0"/><line number="735" hits="0"/><line number="736" hits="0"/><line number="741" hits="0"/><line number="745" hits="0"/><line number="747" hits="0"/></lines></class><class name="urls" filename="crates/koji-core/src/backends/installer/urls.rs" line-rate="0.6" branch-rate="0" complexity="0"><methods/><lines><line number="17" hits="1"/><line number="24" hits="1"/><line number="26" hits="1"/><line number="31" hits="7"/><line number="33" hits="6"/><line number="34" hits="0"/><line number="37" hits="0"/><line number="42" hits="2"/><line number="45" hits="7"/><line number="46" hits="3"/><line number="47" hits="2"/><line number="50" hits="2"/><line number="53" hits="0"/><line number="55" hits="0"/><line number="56" hits="0"/><line number="59" hits="0"/><line number="60" hits="0"/><line number="62" hits="0"/><line number="63" hits="0"/><line number="65" hits="0"/><line number="68" hits="2"/><line number="71" hits="1"/><line number="76" hits="0"/><line number="85" hits="1"/><line number="87" hits="5"/><line number="88" hits="1"/><line number="92" hits="1"/><line number="93" hits="3"/><line number="94" hits="1"/><line number="96" hits="3"/><line number="97" hits="2"/><line number="98" hits="3"/><line number="100" hits="1"/><line number="104" hits="1"/><line number="105" hits="1"/><line number="106" hits="3"/><line number="107" hits="1"/><line number="108" hits="1"/><line number="109" hits="1"/><line number="110" hits="1"/><line number="111" hits="3"/><line number="112" hits="1"/><line number="113" hits="1"/><line number="117" hits="1"/><line number="120" hits="0"/><line number="124" hits="0"/><line number="125" hits="0"/><line number="126" hits="0"/><line number="127" hits="0"/><line number="128" hits="0"/><line number="129" hits="0"/><line number="130" hits="0"/><line number="131" hits="0"/><line number="132" hits="0"/><line number="133" hits="0"/></lines></class></classes></package><package name="crates/koji-core/src/config/migrate" line-rate="0.18831168831168832" branch-rate="0" complexity="0"><classes><class name="mod" filename="crates/koji-core/src/config/migrate/mod.rs" line-rate="0.06818181818181818" branch-rate="0" complexity="0"><methods/><lines><line number="19" hits="0"/><line number="22" hits="0"/><line number="24" hits="0"/><line number="25" hits="0"/><line number="26" hits="0"/><line number="31" hits="0"/><line number="32" hits="0"/><line number="39" hits="0"/><line number="40" hits="0"/><line number="41" hits="0"/><line number="42" hits="0"/><line number="43" hits="0"/><line number="44" hits="0"/><line number="46" hits="0"/><line number="49" hits="0"/><line number="50" hits="0"/><line number="55" hits="0"/><line number="57" hits="0"/><line number="58" hits="0"/><line number="64" hits="0"/><line number="65" hits="0"/><line number="70" hits="0"/><line number="73" hits="0"/><line number="74" hits="0"/><line number="80" hits="0"/><line number="91" hits="0"/><line number="92" hits="0"/><line number="93" hits="0"/><line number="94" hits="0"/><line number="97" hits="0"/><line number="99" hits="0"/><line number="104" hits="0"/><line number="108" hits="0"/><line number="109" hits="0"/><line number="110" hits="0"/><line number="114" hits="0"/><line number="115" hits="0"/><line number="116" hits="0"/><line number="117" hits="0"/><line number="119" hits="0"/><line number="120" hits="0"/><line number="121" hits="0"/><line number="122" hits="0"/><line number="125" hits="0"/><line number="126" hits="0"/><line number="127" hits="0"/><line number="128" hits="0"/><line number="129" hits="0"/><line number="130" hits="0"/><line number="133" hits="0"/><line number="135" hits="0"/><line number="136" hits="0"/><line number="137" hits="0"/><line number="138" hits="0"/><line number="139" hits="0"/><line number="140" hits="0"/><line number="149" hits="0"/><line number="150" hits="0"/><line number="151" hits="0"/><line number="152" hits="0"/><line number="158" hits="0"/><line number="162" hits="0"/><line number="163" hits="0"/><line number="165" hits="0"/><line number="169" hits="0"/><line number="170" hits="0"/><line number="171" hits="0"/><line number="174" hits="0"/><line number="176" hits="0"/><line number="177" hits="0"/><line number="178" hits="0"/><line number="179" hits="0"/><line number="180" hits="0"/><line number="181" hits="0"/><line number="182" hits="0"/><line number="183" hits="0"/><line number="184" hits="0"/><line number="187" hits="0"/><line number="188" hits="0"/><line number="197" hits="0"/><line number="198" hits="0"/><line number="199" hits="0"/><line number="200" hits="0"/><line number="201" hits="0"/><line number="208" hits="0"/><line number="209" hits="0"/><line number="212" hits="0"/><line number="213" hits="0"/><line number="215" hits="0"/><line number="216" hits="0"/><line number="217" hits="0"/><line number="219" hits="0"/><line number="223" hits="0"/><line number="225" hits="0"/><line number="226" hits="0"/><line number="227" hits="0"/><line number="231" hits="0"/><line number="232" hits="0"/><line number="233" hits="0"/><line number="234" hits="0"/><line number="238" hits="0"/><line number="239" hits="0"/><line number="240" hits="0"/><line number="241" hits="0"/><line number="242" hits="0"/><line number="243" hits="0"/><line number="244" hits="0"/><line number="245" hits="0"/><line number="246" hits="0"/><line number="247" hits="0"/><line number="248" hits="0"/><line number="249" hits="0"/><line number="250" hits="0"/><line number="252" hits="0"/><line number="257" hits="0"/><line number="258" hits="0"/><line number="259" hits="0"/><line number="260" hits="0"/><line number="267" hits="0"/><line number="269" hits="0"/><line number="272" hits="4"/><line number="273" hits="4"/><line number="274" hits="4"/><line number="275" hits="4"/><line number="276" hits="4"/><line number="279" hits="8"/><line number="280" hits="4"/><line number="281" hits="4"/><line number="283" hits="8"/><line number="284" hits="0"/><line number="285" hits="0"/><line number="286" hits="0"/></lines></class><class name="model_to_db" filename="crates/koji-core/src/config/migrate/model_to_db.rs" line-rate="0.9090909090909091" branch-rate="0" complexity="0"><methods/><lines><line number="9" hits="1"/><line number="11" hits="1"/><line number="12" hits="2"/><line number="13" hits="1"/><line number="17" hits="5"/><line number="20" hits="3"/><line number="21" hits="6"/><line number="23" hits="2"/><line number="24" hits="0"/><line number="28" hits="2"/><line number="29" hits="3"/><line number="32" hits="6"/><line number="33" hits="1"/><line number="34" hits="1"/><line number="37" hits="2"/><line number="38" hits="2"/><line number="44" hits="2"/><line number="45" hits="3"/><line number="46" hits="2"/><line number="48" hits="0"/><line number="54" hits="1"/><line number="56" hits="1"/></lines></class></classes></package><package name="crates/koji-web/src/components/pull_wizard/components" line-rate="0" branch-rate="0" complexity="0"><classes><class name="context_step" filename="crates/koji-web/src/components/pull_wizard/components/context_step.rs" line-rate="0" branch-rate="0" complexity="0"><methods/><lines><line number="12" hits="0"/><line number="13" hits="0"/><line number="15" hits="0"/><line number="31" hits="0"/><line number="38" hits="0"/></lines></class><class name="done_step" filename="crates/koji-web/src/components/pull_wizard/components/done_step.rs" line-rate="0" branch-rate="0" complexity="0"><methods/><lines><line number="5" hits="0"/><line number="9" hits="0"/></lines></class><class name="download_step" filename="crates/koji-web/src/components/pull_wizard/components/download_step.rs" line-rate="0" branch-rate="0" complexity="0"><methods/><lines><line number="5" hits="0"/><line number="11" hits="0"/></lines></class><class name="loading_step" filename="crates/koji-web/src/components/pull_wizard/components/loading_step.rs" line-rate="0" branch-rate="0" complexity="0"><methods/><lines><line number="4" hits="0"/><line number="5" hits="0"/></lines></class><class name="repo_input" filename="crates/koji-web/src/components/pull_wizard/components/repo_input.rs" line-rate="0" branch-rate="0" complexity="0"><methods/><lines><line number="4" hits="0"/><line number="10" hits="0"/></lines></class><class name="selection_step" filename="crates/koji-web/src/components/pull_wizard/components/selection_step.rs" line-rate="0" branch-rate="0" complexity="0"><methods/><lines><line number="5" hits="0"/><line number="14" hits="0"/></lines></class></classes></package><package name="crates/koji-core/src/bench" line-rate="0.34296028880866425" branch-rate="0" complexity="0"><classes><class name="display" filename="crates/koji-core/src/bench/display.rs" line-rate="0.16666666666666666" branch-rate="0" complexity="0"><methods/><lines><line number="4" hits="1"/><line number="5" hits="1"/><line number="6" hits="1"/><line number="8" hits="1"/><line number="13" hits="0"/><line number="15" hits="0"/><line number="16" hits="0"/><line number="17" hits="0"/><line number="19" hits="0"/><line number="34" hits="0"/><line number="45" hits="0"/><line number="48" hits="0"/><line number="49" hits="0"/><line number="51" hits="0"/><line number="52" hits="0"/><line number="53" hits="0"/><line number="54" hits="0"/><line number="55" hits="0"/><line number="56" hits="0"/><line number="58" hits="0"/><line number="64" hits="0"/><line number="65" hits="0"/><line number="67" hits="0"/><line number="68" hits="0"/></lines></class><class name="measure" filename="crates/koji-core/src/bench/measure.rs" line-rate="0.24285714285714285" branch-rate="0" complexity="0"><methods/><lines><line number="21" hits="0"/><line number="27" hits="0"/><line number="28" hits="0"/><line number="39" hits="0"/><line number="42" hits="0"/><line number="43" hits="0"/><line number="48" hits="0"/><line number="49" hits="0"/><line number="50" hits="0"/><line number="52" hits="0"/><line number="55" hits="0"/><line number="56" hits="0"/><line number="60" hits="0"/><line number="61" hits="0"/><line number="62" hits="0"/><line number="63" hits="0"/><line number="64" hits="0"/><line number="66" hits="0"/><line number="67" hits="0"/><line number="68" hits="0"/><line number="71" hits="0"/><line number="72" hits="0"/><line number="73" hits="0"/><line number="75" hits="0"/><line number="76" hits="0"/><line number="77" hits="0"/><line number="82" hits="0"/><line number="83" hits="0"/><line number="86" hits="0"/><line number="87" hits="0"/><line number="93" hits="0"/><line number="99" hits="0"/><line number="100" hits="0"/><line number="101" hits="0"/><line number="103" hits="0"/><line number="106" hits="0"/><line number="109" hits="0"/><line number="110" hits="0"/><line number="112" hits="0"/><line number="114" hits="0"/><line number="115" hits="0"/><line number="117" hits="0"/><line number="121" hits="0"/><line number="122" hits="0"/><line number="125" hits="0"/><line number="126" hits="0"/><line number="129" hits="0"/><line number="130" hits="0"/><line number="131" hits="0"/><line number="132" hits="0"/><line number="134" hits="0"/><line number="135" hits="0"/><line number="149" hits="5"/><line number="150" hits="5"/><line number="151" hits="1"/><line number="154" hits="4"/><line number="156" hits="4"/><line number="157" hits="1"/><line number="160" hits="2"/><line number="161" hits="0"/><line number="165" hits="6"/><line number="167" hits="6"/><line number="168" hits="9"/><line number="169" hits="9"/><line number="170" hits="3"/><line number="172" hits="3"/><line number="173" hits="10"/><line number="174" hits="1"/><line number="175" hits="1"/><line number="181" hits="1"/></lines></class><class name="mod" filename="crates/koji-core/src/bench/mod.rs" line-rate="1" branch-rate="0" complexity="0"><methods/><lines><line number="29" hits="1"/><line number="31" hits="1"/><line number="32" hits="2"/><line number="130" hits="1"/><line number="138" hits="1"/><line number="139" hits="1"/><line number="140" hits="1"/><line number="155" hits="3"/><line number="156" hits="4"/><line number="157" hits="4"/><line number="158" hits="4"/><line number="161" hits="2"/><line number="162" hits="1"/><line number="163" hits="1"/><line number="164" hits="1"/><line number="167" hits="2"/><line number="168" hits="1"/><line number="170" hits="4"/><line number="171" hits="1"/><line number="173" hits="1"/><line number="175" hits="2"/><line number="176" hits="1"/><line number="178" hits="4"/><line number="179" hits="1"/><line number="181" hits="1"/><line number="183" hits="2"/><line number="184" hits="1"/><line number="186" hits="4"/><line number="187" hits="1"/><line number="189" hits="1"/><line number="191" hits="2"/><line number="192" hits="1"/><line number="194" hits="4"/><line number="195" hits="1"/><line number="197" hits="1"/><line number="200" hits="1"/><line number="228" hits="1"/><line number="229" hits="1"/><line number="230" hits="1"/><line number="232" hits="1"/><line number="233" hits="1"/><line number="235" hits="1"/><line number="236" hits="1"/><line number="238" hits="1"/></lines></class><class name="runner" filename="crates/koji-core/src/bench/runner.rs" line-rate="0.2158273381294964" branch-rate="0" complexity="0"><methods/><lines><line number="29" hits="1"/><line number="30" hits="1"/><line number="31" hits="2"/><line number="32" hits="2"/><line number="33" hits="2"/><line number="34" hits="2"/><line number="35" hits="2"/><line number="36" hits="0"/><line number="37" hits="1"/><line number="38" hits="0"/><line number="40" hits="2"/><line number="45" hits="1"/><line number="46" hits="1"/><line number="47" hits="3"/><line number="48" hits="3"/><line number="50" hits="3"/><line number="62" hits="1"/><line number="63" hits="1"/><line number="64" hits="3"/><line number="65" hits="2"/><line number="66" hits="3"/><line number="67" hits="4"/><line number="69" hits="2"/><line number="70" hits="3"/><line number="71" hits="1"/><line number="73" hits="4"/><line number="75" hits="2"/><line number="77" hits="2"/><line number="78" hits="1"/><line number="81" hits="3"/><line number="82" hits="2"/><line number="83" hits="1"/><line number="87" hits="0"/><line number="92" hits="0"/><line number="94" hits="0"/><line number="95" hits="0"/><line number="96" hits="0"/><line number="98" hits="0"/><line number="99" hits="0"/><line number="100" hits="0"/><line number="102" hits="0"/><line number="105" hits="0"/><line number="106" hits="0"/><line number="107" hits="0"/><line number="110" hits="0"/><line number="111" hits="0"/><line number="112" hits="0"/><line number="116" hits="0"/><line number="117" hits="0"/><line number="120" hits="0"/><line number="122" hits="0"/><line number="128" hits="0"/><line number="131" hits="0"/><line number="132" hits="0"/><line number="133" hits="0"/><line number="136" hits="0"/><line number="137" hits="0"/><line number="138" hits="0"/><line number="139" hits="0"/><line number="141" hits="0"/><line number="143" hits="0"/><line number="145" hits="0"/><line number="148" hits="0"/><line number="149" hits="0"/><line number="155" hits="0"/><line number="156" hits="0"/><line number="157" hits="0"/><line number="159" hits="0"/><line number="160" hits="0"/><line number="163" hits="0"/><line number="164" hits="0"/><line number="171" hits="0"/><line number="172" hits="0"/><line number="173" hits="0"/><line number="174" hits="0"/><line number="179" hits="0"/><line number="182" hits="0"/><line number="183" hits="0"/><line number="184" hits="0"/><line number="187" hits="0"/><line number="191" hits="0"/><line number="193" hits="0"/><line number="194" hits="0"/><line number="195" hits="0"/><line number="201" hits="0"/><line number="202" hits="0"/><line number="204" hits="0"/><line number="207" hits="0"/><line number="209" hits="0"/><line number="210" hits="0"/><line number="211" hits="0"/><line number="214" hits="0"/><line number="215" hits="0"/><line number="219" hits="0"/><line number="224" hits="0"/><line number="250" hits="0"/><line number="255" hits="0"/><line number="258" hits="0"/><line number="259" hits="0"/><line number="260" hits="0"/><line number="262" hits="0"/><line number="264" hits="0"/><line number="265" hits="0"/><line number="266" hits="0"/><line number="267" hits="0"/><line number="268" hits="0"/><line number="272" hits="0"/><line number="273" hits="0"/><line number="277" hits="0"/><line number="279" hits="0"/><line number="283" hits="0"/><line number="284" hits="0"/><line number="288" hits="0"/><line number="289" hits="0"/><line number="291" hits="0"/><line number="292" hits="0"/><line number="293" hits="0"/><line number="294" hits="0"/><line number="295" hits="0"/><line number="296" hits="0"/><line number="301" hits="0"/><line number="305" hits="0"/><line number="308" hits="0"/><line number="309" hits="0"/><line number="310" hits="0"/><line number="311" hits="0"/><line number="317" hits="0"/><line number="318" hits="0"/><line number="323" hits="0"/><line number="324" hits="0"/><line number="325" hits="0"/><line number="326" hits="0"/><line number="328" hits="0"/><line number="329" hits="0"/><line number="333" hits="0"/><line number="334" hits="0"/><line number="341" hits="0"/><line number="342" hits="0"/><line number="346" hits="0"/></lines></class></classes></package><package name="crates/koji-core/src/backup" line-rate="0.7226277372262774" branch-rate="0" complexity="0"><classes><class name="archive" filename="crates/koji-core/src/backup/archive.rs" line-rate="0.8861386138613861" branch-rate="0" complexity="0"><methods/><lines><line number="43" hits="1"/><line number="44" hits="1"/><line number="45" hits="0"/><line number="49" hits="1"/><line number="51" hits="2"/><line number="52" hits="2"/><line number="53" hits="1"/><line number="54" hits="1"/><line number="55" hits="2"/><line number="56" hits="1"/><line number="57" hits="1"/><line number="58" hits="1"/><line number="62" hits="1"/><line number="63" hits="2"/><line number="64" hits="0"/><line number="66" hits="2"/><line number="69" hits="1"/><line number="70" hits="3"/><line number="71" hits="1"/><line number="72" hits="1"/><line number="73" hits="1"/><line number="75" hits="2"/><line number="76" hits="2"/><line number="77" hits="0"/><line number="78" hits="0"/><line number="83" hits="1"/><line number="84" hits="2"/><line number="85" hits="0"/><line number="87" hits="2"/><line number="89" hits="2"/><line number="90" hits="2"/><line number="91" hits="1"/><line number="94" hits="1"/><line number="95" hits="1"/><line number="98" hits="2"/><line number="100" hits="2"/><line number="103" hits="3"/><line number="106" hits="1"/><line number="109" hits="1"/><line number="112" hits="2"/><line number="115" hits="2"/><line number="116" hits="3"/><line number="119" hits="1"/><line number="122" hits="2"/><line number="123" hits="3"/><line number="126" hits="1"/><line number="127" hits="4"/><line number="128" hits="1"/><line number="129" hits="1"/><line number="131" hits="1"/><line number="134" hits="1"/><line number="136" hits="3"/><line number="137" hits="2"/><line number="138" hits="4"/><line number="139" hits="4"/><line number="140" hits="1"/><line number="141" hits="1"/><line number="142" hits="1"/><line number="148" hits="2"/><line number="151" hits="2"/><line number="152" hits="2"/><line number="153" hits="1"/><line number="154" hits="1"/><line number="155" hits="2"/><line number="156" hits="2"/><line number="157" hits="2"/><line number="162" hits="1"/><line number="164" hits="2"/><line number="165" hits="2"/><line number="166" hits="1"/><line number="167" hits="1"/><line number="169" hits="1"/><line number="172" hits="1"/><line number="178" hits="1"/><line number="179" hits="2"/><line number="180" hits="1"/><line number="183" hits="1"/><line number="186" hits="2"/><line number="187" hits="1"/><line number="188" hits="1"/><line number="189" hits="2"/><line number="191" hits="1"/><line number="192" hits="2"/><line number="193" hits="1"/><line number="194" hits="1"/><line number="195" hits="1"/><line number="197" hits="1"/><line number="198" hits="1"/><line number="199" hits="1"/><line number="200" hits="1"/><line number="201" hits="2"/><line number="204" hits="1"/><line number="205" hits="3"/><line number="208" hits="1"/><line number="209" hits="3"/><line number="210" hits="1"/><line number="211" hits="1"/><line number="212" hits="1"/><line number="214" hits="2"/><line number="215" hits="2"/><line number="216" hits="0"/><line number="217" hits="0"/><line number="219" hits="0"/><line number="221" hits="0"/><line number="226" hits="2"/><line number="229" hits="2"/><line number="233" hits="1"/><line number="236" hits="1"/><line number="241" hits="1"/><line number="243" hits="1"/><line number="244" hits="2"/><line number="245" hits="1"/><line number="247" hits="1"/><line number="248" hits="2"/><line number="249" hits="1"/><line number="250" hits="1"/><line number="251" hits="1"/><line number="252" hits="1"/><line number="253" hits="1"/><line number="254" hits="1"/><line number="255" hits="2"/><line number="256" hits="1"/><line number="258" hits="1"/><line number="261" hits="1"/><line number="262" hits="2"/><line number="263" hits="1"/><line number="264" hits="1"/><line number="265" hits="1"/><line number="267" hits="2"/><line number="268" hits="2"/><line number="269" hits="2"/><line number="270" hits="2"/><line number="271" hits="1"/><line number="272" hits="1"/><line number="273" hits="1"/><line number="275" hits="2"/><line number="276" hits="1"/><line number="280" hits="0"/><line number="283" hits="1"/><line number="284" hits="1"/><line number="287" hits="2"/><line number="288" hits="0"/><line number="290" hits="0"/><line number="294" hits="2"/><line number="295" hits="1"/><line number="296" hits="1"/><line number="297" hits="1"/><line number="299" hits="1"/><line number="300" hits="1"/><line number="301" hits="1"/><line number="302" hits="1"/><line number="304" hits="2"/><line number="305" hits="2"/><line number="306" hits="2"/><line number="307" hits="2"/><line number="308" hits="1"/><line number="310" hits="1"/><line number="311" hits="1"/><line number="312" hits="1"/><line number="313" hits="1"/><line number="314" hits="1"/><line number="315" hits="1"/><line number="317" hits="1"/><line number="322" hits="2"/><line number="323" hits="0"/><line number="325" hits="0"/><line number="330" hits="2"/><line number="332" hits="3"/><line number="334" hits="0"/><line number="340" hits="2"/><line number="341" hits="2"/><line number="342" hits="0"/><line number="347" hits="2"/><line number="348" hits="0"/><line number="349" hits="0"/><line number="357" hits="2"/><line number="358" hits="0"/><line number="360" hits="1"/><line number="362" hits="3"/><line number="364" hits="0"/><line number="371" hits="2"/><line number="372" hits="1"/><line number="373" hits="3"/><line number="374" hits="1"/><line number="376" hits="1"/><line number="377" hits="2"/><line number="378" hits="3"/><line number="379" hits="0"/><line number="383" hits="1"/><line number="384" hits="1"/><line number="385" hits="1"/><line number="386" hits="1"/><line number="390" hits="1"/><line number="391" hits="1"/><line number="392" hits="2"/><line number="393" hits="0"/><line number="394" hits="0"/><line number="401" hits="1"/><line number="402" hits="1"/><line number="403" hits="2"/><line number="404" hits="2"/><line number="405" hits="1"/></lines></class><class name="manifest" filename="crates/koji-core/src/backup/manifest.rs" line-rate="1" branch-rate="0" complexity="0"><methods/><lines><line number="55" hits="1"/><line number="58" hits="1"/><line number="59" hits="1"/><line number="60" hits="1"/><line number="61" hits="1"/><line number="62" hits="1"/></lines></class><class name="merge" filename="crates/koji-core/src/backup/merge.rs" line-rate="0.19696969696969696" branch-rate="0" complexity="0"><methods/><lines><line number="16" hits="0"/><line number="22" hits="0"/><line number="23" hits="0"/><line number="24" hits="0"/><line number="26" hits="0"/><line number="27" hits="0"/><line number="32" hits="0"/><line number="33" hits="0"/><line number="35" hits="0"/><line number="55" hits="4"/><line number="56" hits="3"/><line number="59" hits="7"/><line number="60" hits="6"/><line number="61" hits="3"/><line number="63" hits="3"/><line number="64" hits="3"/><line number="69" hits="1"/><line number="70" hits="2"/><line number="71" hits="2"/><line number="73" hits="2"/><line number="74" hits="1"/><line number="78" hits="3"/><line number="84" hits="0"/><line number="88" hits="0"/><line number="90" hits="0"/><line number="91" hits="0"/><line number="95" hits="0"/><line number="96" hits="0"/><line number="98" hits="0"/><line number="102" hits="0"/><line number="103" hits="0"/><line number="104" hits="0"/><line number="105" hits="0"/><line number="106" hits="0"/><line number="108" hits="0"/><line number="110" hits="0"/><line number="111" hits="0"/><line number="112" hits="0"/><line number="113" hits="0"/><line number="114" hits="0"/><line number="119" hits="0"/><line number="135" hits="0"/><line number="139" hits="0"/><line number="142" hits="0"/><line number="143" hits="0"/><line number="144" hits="0"/><line number="147" hits="0"/><line number="148" hits="0"/><line number="154" hits="0"/><line number="155" hits="0"/><line number="158" hits="0"/><line number="159" hits="0"/><line number="169" hits="0"/><line number="170" hits="0"/><line number="173" hits="0"/><line number="174" hits="0"/><line number="182" hits="0"/><line number="183" hits="0"/><line number="186" hits="0"/><line number="189" hits="0"/><line number="190" hits="0"/><line number="193" hits="0"/><line number="194" hits="0"/><line number="197" hits="0"/><line number="199" hits="0"/><line number="200" hits="0"/></lines></class></classes></package><package name="crates/koji-core/src" line-rate="0.4054390330607892" branch-rate="0" complexity="0"><classes><class name="gpu" filename="crates/koji-core/src/gpu.rs" line-rate="0.6706586826347305" branch-rate="0" complexity="0"><methods/><lines><line number="34" hits="1"/><line number="35" hits="3"/><line number="39" hits="0"/><line number="40" hits="0"/><line number="44" hits="0"/><line number="45" hits="0"/><line number="106" hits="1"/><line number="107" hits="1"/><line number="108" hits="1"/><line number="110" hits="1"/><line number="111" hits="1"/><line number="112" hits="1"/><line number="115" hits="1"/><line number="118" hits="1"/><line number="137" hits="1"/><line number="138" hits="1"/><line number="139" hits="1"/><line number="140" hits="1"/><line number="141" hits="1"/><line number="146" hits="1"/><line number="148" hits="1"/><line number="149" hits="0"/><line number="152" hits="1"/><line number="155" hits="1"/><line number="156" hits="3"/><line number="157" hits="1"/><line number="164" hits="0"/><line number="165" hits="0"/><line number="168" hits="0"/><line number="169" hits="0"/><line number="176" hits="1"/><line number="177" hits="1"/><line number="178" hits="2"/><line number="179" hits="2"/><line number="180" hits="3"/><line number="181" hits="3"/><line number="182" hits="1"/><line number="187" hits="0"/><line number="190" hits="1"/><line number="191" hits="1"/><line number="192" hits="1"/><line number="194" hits="2"/><line number="197" hits="3"/><line number="200" hits="2"/><line number="203" hits="3"/><line number="249" hits="3"/><line number="250" hits="1"/><line number="251" hits="1"/><line number="252" hits="3"/><line number="253" hits="1"/><line number="254" hits="0"/><line number="255" hits="0"/><line number="256" hits="0"/><line number="257" hits="0"/><line number="258" hits="0"/><line number="279" hits="0"/><line number="281" hits="0"/><line number="282" hits="0"/><line number="285" hits="0"/><line number="289" hits="0"/><line number="290" hits="0"/><line number="295" hits="0"/><line number="296" hits="0"/><line number="299" hits="0"/><line number="302" hits="0"/><line number="303" hits="0"/><line number="304" hits="0"/><line number="306" hits="0"/><line number="307" hits="0"/><line number="308" hits="0"/><line number="312" hits="0"/><line number="316" hits="0"/><line number="317" hits="0"/><line number="319" hits="0"/><line number="320" hits="0"/><line number="323" hits="0"/><line number="325" hits="0"/><line number="326" hits="0"/><line number="327" hits="0"/><line number="328" hits="0"/><line number="329" hits="0"/><line number="330" hits="0"/><line number="334" hits="0"/><line number="347" hits="1"/><line number="348" hits="2"/><line number="349" hits="2"/><line number="350" hits="1"/><line number="351" hits="1"/><line number="352" hits="2"/><line number="353" hits="3"/><line number="354" hits="3"/><line number="355" hits="1"/><line number="359" hits="2"/><line number="360" hits="1"/><line number="361" hits="0"/><line number="364" hits="1"/><line number="365" hits="0"/><line number="368" hits="2"/><line number="369" hits="2"/><line number="376" hits="1"/><line number="379" hits="1"/><line number="380" hits="1"/><line number="382" hits="2"/><line number="383" hits="2"/><line number="384" hits="1"/><line number="385" hits="1"/><line number="388" hits="1"/><line number="389" hits="1"/><line number="392" hits="1"/><line number="393" hits="1"/><line number="396" hits="2"/><line number="397" hits="2"/><line number="398" hits="2"/><line number="399" hits="3"/><line number="403" hits="1"/><line number="404" hits="1"/><line number="408" hits="1"/><line number="412" hits="1"/><line number="414" hits="1"/><line number="415" hits="0"/><line number="418" hits="1"/><line number="421" hits="1"/><line number="422" hits="2"/><line number="423" hits="1"/><line number="430" hits="0"/><line number="431" hits="0"/><line number="434" hits="0"/><line number="435" hits="0"/><line number="436" hits="0"/><line number="437" hits="0"/><line number="438" hits="0"/><line number="439" hits="0"/><line number="444" hits="0"/><line number="452" hits="1"/><line number="453" hits="1"/><line number="454" hits="1"/><line number="456" hits="3"/><line number="459" hits="4"/><line number="461" hits="3"/><line number="464" hits="4"/><line number="466" hits="1"/><line number="467" hits="1"/><line number="468" hits="2"/><line number="493" hits="1"/><line number="500" hits="1"/><line number="506" hits="2"/><line number="508" hits="5"/><line number="509" hits="1"/><line number="510" hits="1"/><line number="511" hits="1"/><line number="512" hits="1"/><line number="513" hits="2"/><line number="514" hits="2"/><line number="515" hits="3"/><line number="516" hits="3"/><line number="519" hits="3"/><line number="520" hits="2"/><line number="521" hits="6"/><line number="523" hits="4"/><line number="525" hits="1"/><line number="528" hits="1"/><line number="530" hits="4"/><line number="531" hits="2"/><line number="532" hits="4"/><line number="533" hits="4"/><line number="535" hits="4"/><line number="539" hits="4"/></lines></class><class name="logging" filename="crates/koji-core/src/logging.rs" line-rate="0.3114754098360656" branch-rate="0" complexity="0"><methods/><lines><line number="9" hits="0"/><line number="10" hits="0"/><line number="11" hits="0"/><line number="14" hits="0"/><line number="22" hits="0"/><line number="25" hits="0"/><line number="29" hits="0"/><line number="30" hits="0"/><line number="33" hits="0"/><line number="34" hits="0"/><line number="35" hits="0"/><line number="39" hits="0"/><line number="42" hits="0"/><line number="52" hits="0"/><line number="54" hits="0"/><line number="55" hits="0"/><line number="59" hits="0"/><line number="60" hits="0"/><line number="63" hits="0"/><line number="66" hits="0"/><line number="67" hits="0"/><line number="68" hits="0"/><line number="70" hits="0"/><line number="71" hits="0"/><line number="73" hits="0"/><line number="78" hits="1"/><line number="79" hits="1"/><line number="83" hits="2"/><line number="84" hits="6"/><line number="85" hits="3"/><line number="87" hits="1"/><line number="90" hits="3"/><line number="91" hits="0"/><line number="92" hits="0"/><line number="93" hits="0"/><line number="97" hits="3"/><line number="100" hits="1"/><line number="101" hits="3"/><line number="105" hits="0"/><line number="107" hits="0"/><line number="108" hits="0"/><line number="109" hits="0"/><line number="113" hits="0"/><line number="114" hits="0"/><line number="115" hits="0"/><line number="116" hits="0"/><line number="117" hits="0"/><line number="122" hits="0"/><line number="123" hits="0"/><line number="124" hits="0"/><line number="125" hits="0"/><line number="128" hits="0"/><line number="132" hits="1"/><line number="135" hits="1"/><line number="136" hits="1"/><line number="139" hits="1"/><line number="141" hits="3"/><line number="142" hits="1"/><line number="144" hits="5"/><line number="145" hits="1"/><line number="147" hits="3"/></lines></class><class name="process" filename="crates/koji-core/src/process.rs" line-rate="0" branch-rate="0" complexity="0"><methods/><lines><line number="20" hits="0"/><line number="21" hits="0"/><line number="22" hits="0"/><line number="25" hits="0"/><line number="26" hits="0"/><line number="27" hits="0"/><line number="28" hits="0"/><line number="30" hits="0"/><line number="32" hits="0"/><line number="66" hits="0"/><line number="83" hits="0"/><line number="84" hits="0"/><line number="85" hits="0"/><line number="90" hits="0"/><line number="95" hits="0"/><line number="97" hits="0"/><line number="98" hits="0"/><line number="99" hits="0"/><line number="100" hits="0"/><line number="101" hits="0"/><line number="102" hits="0"/><line number="105" hits="0"/><line number="107" hits="0"/><line number="109" hits="0"/><line number="111" hits="0"/><line number="112" hits="0"/><line number="115" hits="0"/><line number="116" hits="0"/><line number="117" hits="0"/><line number="119" hits="0"/><line number="122" hits="0"/><line number="126" hits="0"/><line number="127" hits="0"/><line number="128" hits="0"/><line number="129" hits="0"/><line number="130" hits="0"/><line number="131" hits="0"/><line number="132" hits="0"/><line number="133" hits="0"/><line number="134" hits="0"/><line number="135" hits="0"/><line number="136" hits="0"/><line number="143" hits="0"/><line number="144" hits="0"/><line number="145" hits="0"/><line number="146" hits="0"/><line number="147" hits="0"/><line number="148" hits="0"/><line number="149" hits="0"/><line number="150" hits="0"/><line number="151" hits="0"/><line number="152" hits="0"/><line number="153" hits="0"/><line number="160" hits="0"/><line number="161" hits="0"/><line number="162" hits="0"/><line number="163" hits="0"/><line number="164" hits="0"/><line number="165" hits="0"/><line number="166" hits="0"/><line number="176" hits="0"/><line number="216" hits="0"/><line number="217" hits="0"/><line number="219" hits="0"/><line number="221" hits="0"/><line number="222" hits="0"/><line number="224" hits="0"/><line number="225" hits="0"/><line number="226" hits="0"/><line number="228" hits="0"/><line number="229" hits="0"/><line number="230" hits="0"/><line number="231" hits="0"/><line number="233" hits="0"/><line number="234" hits="0"/><line number="235" hits="0"/><line number="240" hits="0"/><line number="241" hits="0"/><line number="242" hits="0"/><line number="243" hits="0"/><line number="244" hits="0"/><line number="247" hits="0"/><line number="248" hits="0"/><line number="249" hits="0"/><line number="253" hits="0"/></lines></class><class name="profiles" filename="crates/koji-core/src/profiles.rs" line-rate="0.6896551724137931" branch-rate="0" complexity="0"><methods/><lines><line number="37" hits="11"/><line number="38" hits="21"/><line number="66" hits="0"/><line number="67" hits="0"/><line number="68" hits="0"/><line number="69" hits="0"/><line number="70" hits="0"/><line number="71" hits="0"/><line number="72" hits="0"/><line number="81" hits="11"/><line number="82" hits="11"/><line number="83" hits="12"/><line number="84" hits="11"/><line number="85" hits="12"/><line number="86" hits="11"/><line number="94" hits="1"/><line number="96" hits="1"/><line number="97" hits="2"/><line number="98" hits="2"/><line number="99" hits="2"/><line number="100" hits="2"/><line number="101" hits="2"/><line number="102" hits="2"/><line number="110" hits="1"/><line number="111" hits="1"/><line number="112" hits="1"/><line number="113" hits="2"/><line number="115" hits="2"/><line number="116" hits="2"/><line number="118" hits="1"/><line number="119" hits="0"/><line number="121" hits="1"/><line number="122" hits="0"/><line number="124" hits="1"/><line number="125" hits="0"/><line number="127" hits="1"/><line number="128" hits="0"/><line number="130" hits="1"/><line number="131" hits="0"/><line number="133" hits="1"/><line number="137" hits="1"/><line number="138" hits="2"/><line number="139" hits="0"/><line number="140" hits="0"/><line number="141" hits="0"/><line number="142" hits="0"/><line number="143" hits="0"/><line number="144" hits="0"/><line number="156" hits="1"/><line number="157" hits="4"/><line number="158" hits="1"/><line number="159" hits="3"/><line number="160" hits="1"/><line number="161" hits="3"/><line number="162" hits="1"/><line number="163" hits="2"/><line number="164" hits="1"/><line number="166" hits="1"/></lines></class><class name="self_update" filename="crates/koji-core/src/self_update.rs" line-rate="0.14285714285714285" branch-rate="0" complexity="0"><methods/><lines><line number="35" hits="1"/><line number="36" hits="1"/><line number="44" hits="0"/><line number="45" hits="0"/><line number="47" hits="0"/><line number="48" hits="0"/><line number="53" hits="1"/><line number="54" hits="1"/><line number="55" hits="1"/><line number="56" hits="1"/><line number="58" hits="1"/><line number="59" hits="0"/><line number="62" hits="2"/><line number="68" hits="2"/><line number="69" hits="1"/><line number="71" hits="0"/><line number="72" hits="0"/><line number="73" hits="0"/><line number="74" hits="0"/><line number="75" hits="0"/><line number="81" hits="4"/><line number="82" hits="4"/><line number="83" hits="0"/><line number="84" hits="0"/><line number="86" hits="0"/><line number="87" hits="0"/><line number="88" hits="0"/><line number="89" hits="0"/><line number="90" hits="0"/><line number="91" hits="0"/><line number="102" hits="0"/><line number="106" hits="0"/><line number="108" hits="0"/><line number="109" hits="0"/><line number="114" hits="0"/><line number="118" hits="0"/><line number="121" hits="0"/><line number="122" hits="0"/><line number="123" hits="0"/><line number="125" hits="0"/><line number="126" hits="0"/><line number="129" hits="0"/><line number="135" hits="0"/><line number="137" hits="0"/><line number="140" hits="0"/><line number="141" hits="0"/><line number="142" hits="0"/><line number="143" hits="0"/><line number="145" hits="0"/><line number="146" hits="0"/><line number="149" hits="0"/><line number="150" hits="0"/><line number="153" hits="0"/><line number="154" hits="0"/><line number="155" hits="0"/><line number="156" hits="0"/><line number="158" hits="0"/><line number="159" hits="0"/><line number="160" hits="0"/><line number="161" hits="0"/><line number="162" hits="0"/><line number="166" hits="0"/><line number="167" hits="0"/><line number="168" hits="0"/><line number="170" hits="0"/><line number="173" hits="0"/><line number="174" hits="0"/><line number="175" hits="0"/><line number="176" hits="0"/><line number="177" hits="0"/><line number="179" hits="0"/><line number="180" hits="0"/><line number="181" hits="0"/><line number="182" hits="0"/><line number="183" hits="0"/><line number="184" hits="0"/><line number="187" hits="0"/><line number="188" hits="0"/><line number="191" hits="0"/><line number="192" hits="0"/><line number="194" hits="0"/><line number="195" hits="0"/><line number="197" hits="0"/><line number="198" hits="0"/><line number="199" hits="0"/><line number="200" hits="0"/><line number="203" hits="0"/><line number="207" hits="0"/><line number="209" hits="0"/><line number="212" hits="0"/><line number="213" hits="0"/><line number="214" hits="0"/><line number="215" hits="0"/><line number="216" hits="0"/><line number="219" hits="0"/><line number="220" hits="0"/><line number="221" hits="0"/><line number="224" hits="0"/><line number="225" hits="0"/><line number="226" hits="0"/><line number="227" hits="0"/><line number="228" hits="0"/><line number="229" hits="0"/><line number="230" hits="0"/><line number="231" hits="0"/><line number="232" hits="0"/><line number="236" hits="0"/><line number="237" hits="0"/><line number="239" hits="0"/><line number="240" hits="0"/><line number="241" hits="0"/><line number="242" hits="0"/><line number="243" hits="0"/><line number="247" hits="0"/><line number="248" hits="0"/><line number="249" hits="0"/><line number="250" hits="0"/><line number="251" hits="0"/><line number="255" hits="0"/><line number="262" hits="0"/><line number="264" hits="0"/><line number="265" hits="0"/><line number="266" hits="0"/><line number="267" hits="0"/><line number="268" hits="0"/><line number="269" hits="0"/><line number="271" hits="0"/><line number="272" hits="0"/><line number="273" hits="0"/><line number="274" hits="0"/><line number="275" hits="0"/><line number="277" hits="0"/><line number="278" hits="0"/><line number="281" hits="0"/><line number="283" hits="0"/><line number="284" hits="0"/><line number="285" hits="0"/><line number="293" hits="0"/><line number="297" hits="0"/><line number="298" hits="0"/><line number="299" hits="0"/><line number="300" hits="0"/><line number="305" hits="0"/><line number="306" hits="0"/><line number="307" hits="0"/><line number="308" hits="0"/><line number="310" hits="0"/><line number="311" hits="0"/><line number="312" hits="0"/><line number="314" hits="0"/><line number="315" hits="0"/><line number="317" hits="0"/><line number="318" hits="0"/><line number="320" hits="0"/><line number="325" hits="0"/><line number="326" hits="0"/><line number="327" hits="0"/><line number="328" hits="0"/><line number="330" hits="0"/><line number="331" hits="0"/><line number="332" hits="0"/><line number="333" hits="0"/><line number="334" hits="0"/><line number="336" hits="0"/><line number="337" hits="0"/><line number="338" hits="0"/><line number="340" hits="0"/><line number="341" hits="0"/><line number="343" hits="0"/><line number="348" hits="1"/><line number="349" hits="2"/><line number="350" hits="1"/><line number="351" hits="2"/><line number="352" hits="1"/><line number="354" hits="1"/><line number="360" hits="1"/><line number="361" hits="1"/><line number="362" hits="1"/><line number="363" hits="1"/><line number="365" hits="2"/><line number="366" hits="1"/><line number="367" hits="1"/><line number="369" hits="2"/><line number="382" hits="1"/><line number="386" hits="2"/><line number="387" hits="1"/><line number="390" hits="0"/><line number="391" hits="0"/><line number="393" hits="0"/><line number="407" hits="0"/><line number="408" hits="0"/><line number="409" hits="0"/><line number="411" hits="0"/><line number="415" hits="0"/><line number="420" hits="0"/><line number="426" hits="0"/><line number="450" hits="0"/><line number="451" hits="0"/><line number="452" hits="0"/><line number="454" hits="0"/><line number="455" hits="0"/><line number="457" hits="0"/><line number="459" hits="0"/></lines></class></classes></package><package name="crates/koji-core/src/config" line-rate="0.5683690280065898" branch-rate="0" complexity="0"><classes><class name="args_helpers" filename="crates/koji-core/src/config/args_helpers.rs" line-rate="0.9230769230769231" branch-rate="0" complexity="0"><methods/><lines><line number="41" hits="1"/><line number="42" hits="1"/><line number="43" hits="1"/><line number="45" hits="2"/><line number="50" hits="1"/><line number="74" hits="1"/><line number="75" hits="1"/><line number="76" hits="1"/><line number="77" hits="1"/><line number="80" hits="2"/><line number="81" hits="1"/><line number="84" hits="1"/><line number="85" hits="1"/><line number="86" hits="3"/><line number="87" hits="1"/><line number="92" hits="0"/><line number="95" hits="1"/><line number="112" hits="1"/><line number="113" hits="3"/><line number="131" hits="1"/><line number="132" hits="1"/><line number="133" hits="1"/><line number="135" hits="0"/><line number="141" hits="0"/><line number="142" hits="0"/><line number="173" hits="2"/><line number="175" hits="8"/><line number="179" hits="9"/><line number="182" hits="2"/><line number="183" hits="3"/><line number="207" hits="4"/><line number="208" hits="4"/><line number="209" hits="5"/><line number="210" hits="5"/><line number="211" hits="4"/><line number="213" hits="4"/><line number="214" hits="2"/><line number="215" hits="1"/><line number="219" hits="3"/><line number="220" hits="3"/><line number="221" hits="2"/><line number="222" hits="1"/><line number="227" hits="5"/><line number="229" hits="2"/><line number="230" hits="6"/><line number="231" hits="3"/><line number="232" hits="1"/><line number="234" hits="4"/><line number="235" hits="2"/><line number="238" hits="1"/><line number="239" hits="2"/><line number="241" hits="4"/><line number="243" hits="2"/><line number="244" hits="2"/><line number="246" hits="3"/><line number="247" hits="2"/><line number="250" hits="8"/><line number="251" hits="4"/><line number="256" hits="3"/><line number="257" hits="2"/><line number="258" hits="1"/><line number="260" hits="3"/><line number="261" hits="1"/><line number="262" hits="3"/><line number="263" hits="0"/></lines></class><class name="defaults" filename="crates/koji-core/src/config/defaults.rs" line-rate="1" branch-rate="0" complexity="0"><methods/><lines><line number="6" hits="10"/><line number="7" hits="11"/><line number="15" hits="11"/><line number="17" hits="11"/><line number="21" hits="10"/></lines></class><class name="loader" filename="crates/koji-core/src/config/loader.rs" line-rate="0.735632183908046" branch-rate="0" complexity="0"><methods/><lines><line number="11" hits="4"/><line number="13" hits="4"/><line number="14" hits="13"/><line number="15" hits="6"/><line number="16" hits="8"/><line number="17" hits="2"/><line number="18" hits="1"/><line number="21" hits="6"/><line number="33" hits="1"/><line number="34" hits="2"/><line number="45" hits="2"/><line number="50" hits="2"/><line number="51" hits="0"/><line number="54" hits="1"/><line number="57" hits="0"/><line number="58" hits="0"/><line number="61" hits="0"/><line number="62" hits="0"/><line number="65" hits="0"/><line number="66" hits="0"/><line number="67" hits="0"/><line number="73" hits="4"/><line number="74" hits="4"/><line number="77" hits="4"/><line number="79" hits="4"/><line number="81" hits="8"/><line number="82" hits="6"/><line number="84" hits="6"/><line number="85" hits="3"/><line number="87" hits="2"/><line number="88" hits="4"/><line number="90" hits="4"/><line number="91" hits="4"/><line number="92" hits="2"/><line number="98" hits="10"/><line number="99" hits="6"/><line number="100" hits="0"/><line number="106" hits="12"/><line number="108" hits="5"/><line number="111" hits="1"/><line number="112" hits="0"/><line number="120" hits="5"/><line number="124" hits="1"/><line number="125" hits="1"/><line number="126" hits="1"/><line number="128" hits="0"/><line number="129" hits="0"/><line number="130" hits="0"/><line number="131" hits="0"/><line number="136" hits="2"/><line number="137" hits="2"/><line number="138" hits="4"/><line number="139" hits="2"/><line number="140" hits="4"/><line number="141" hits="2"/><line number="147" hits="0"/><line number="148" hits="0"/><line number="149" hits="0"/><line number="150" hits="0"/><line number="151" hits="0"/><line number="153" hits="0"/><line number="157" hits="0"/><line number="158" hits="0"/><line number="160" hits="0"/><line number="170" hits="8"/><line number="171" hits="6"/><line number="172" hits="8"/><line number="173" hits="14"/><line number="174" hits="8"/><line number="175" hits="8"/><line number="176" hits="6"/><line number="177" hits="15"/><line number="178" hits="8"/><line number="181" hits="10"/><line number="182" hits="8"/><line number="183" hits="11"/><line number="184" hits="9"/><line number="185" hits="10"/><line number="186" hits="19"/><line number="187" hits="9"/><line number="192" hits="11"/><line number="193" hits="31"/><line number="194" hits="11"/><line number="232" hits="11"/><line number="236" hits="12"/><line number="238" hits="11"/><line number="239" hits="12"/></lines></class><class name="rename_legacy" filename="crates/koji-core/src/config/rename_legacy.rs" line-rate="0.4888888888888889" branch-rate="0" complexity="0"><methods/><lines><line number="28" hits="1"/><line number="29" hits="1"/><line number="41" hits="2"/><line number="53" hits="1"/><line number="57" hits="1"/><line number="58" hits="1"/><line number="61" hits="2"/><line number="62" hits="0"/><line number="68" hits="2"/><line number="69" hits="0"/><line number="72" hits="2"/><line number="73" hits="1"/><line number="77" hits="0"/><line number="78" hits="0"/><line number="83" hits="0"/><line number="85" hits="0"/><line number="86" hits="0"/><line number="87" hits="0"/><line number="89" hits="0"/><line number="90" hits="0"/><line number="92" hits="0"/><line number="96" hits="0"/><line number="97" hits="0"/><line number="98" hits="0"/><line number="99" hits="0"/><line number="100" hits="0"/><line number="101" hits="0"/><line number="111" hits="0"/><line number="117" hits="0"/><line number="118" hits="0"/><line number="119" hits="0"/><line number="123" hits="1"/><line number="124" hits="1"/><line number="125" hits="2"/><line number="126" hits="2"/><line number="127" hits="2"/><line number="128" hits="1"/><line number="129" hits="2"/><line number="130" hits="2"/><line number="131" hits="2"/><line number="132" hits="2"/><line number="135" hits="0"/><line number="136" hits="0"/><line number="143" hits="2"/><line number="146" hits="1"/></lines></class><class name="types" filename="crates/koji-core/src/config/types.rs" line-rate="0.9722222222222222" branch-rate="0" complexity="0"><methods/><lines><line number="23" hits="2"/><line number="24" hits="2"/><line number="25" hits="5"/><line number="26" hits="1"/><line number="28" hits="1"/><line number="46" hits="0"/><line number="47" hits="0"/><line number="86" hits="11"/><line number="88" hits="12"/><line number="89" hits="11"/><line number="90" hits="12"/><line number="91" hits="11"/><line number="92" hits="12"/><line number="93" hits="11"/><line number="94" hits="12"/><line number="102" hits="6"/><line number="103" hits="4"/><line number="105" hits="16"/><line number="106" hits="4"/><line number="111" hits="4"/><line number="112" hits="6"/><line number="113" hits="1"/><line number="115" hits="4"/><line number="117" hits="16"/><line number="118" hits="7"/><line number="227" hits="3"/><line number="228" hits="3"/><line number="231" hits="3"/><line number="232" hits="3"/><line number="233" hits="3"/><line number="234" hits="3"/><line number="235" hits="3"/><line number="236" hits="3"/><line number="237" hits="3"/><line number="238" hits="3"/><line number="239" hits="3"/><line number="240" hits="6"/><line number="241" hits="3"/><line number="245" hits="3"/><line number="249" hits="4"/><line number="250" hits="4"/><line number="251" hits="4"/><line number="255" hits="4"/><line number="262" hits="3"/><line number="264" hits="3"/><line number="265" hits="3"/><line number="266" hits="3"/><line number="267" hits="3"/><line number="272" hits="3"/><line number="273" hits="3"/><line number="274" hits="3"/><line number="275" hits="6"/><line number="276" hits="3"/><line number="277" hits="3"/><line number="278" hits="3"/><line number="283" hits="3"/><line number="287" hits="3"/><line number="291" hits="3"/><line number="295" hits="3"/><line number="296" hits="3"/><line number="297" hits="3"/><line number="328" hits="11"/><line number="330" hits="12"/><line number="331" hits="11"/><line number="332" hits="12"/><line number="333" hits="11"/><line number="334" hits="12"/><line number="335" hits="11"/><line number="340" hits="11"/><line number="341" hits="12"/><line number="374" hits="11"/><line number="375" hits="12"/></lines></class></classes></package><package name="crates/koji-core/src/proxy/tests" line-rate="0" branch-rate="0" complexity="0"><classes></classes></package><package name="crates/koji-core/src/backends/registry" line-rate="0.8" branch-rate="0" complexity="0"><classes><class name="registry_ops" filename="crates/koji-core/src/backends/registry/registry_ops.rs" line-rate="0.8" branch-rate="0" complexity="0"><methods/><lines><line number="53" hits="0"/><line number="54" hits="0"/><line number="55" hits="0"/><line number="56" hits="0"/><line number="61" hits="1"/><line number="62" hits="3"/><line number="63" hits="6"/><line number="64" hits="1"/><line number="69" hits="2"/><line number="70" hits="7"/><line number="71" hits="9"/><line number="72" hits="2"/><line number="76" hits="1"/><line number="77" hits="1"/><line number="78" hits="1"/><line number="84" hits="1"/><line number="85" hits="2"/><line number="86" hits="1"/><line number="87" hits="1"/><line number="88" hits="6"/><line number="89" hits="1"/><line number="94" hits="1"/><line number="95" hits="1"/><line number="97" hits="1"/><line number="99" hits="1"/><line number="107" hits="1"/><line number="114" hits="3"/><line number="115" hits="1"/><line number="116" hits="1"/><line number="119" hits="1"/><line number="120" hits="1"/><line number="123" hits="2"/><line number="126" hits="1"/><line number="130" hits="2"/><line number="136" hits="1"/><line number="137" hits="2"/><line number="138" hits="1"/><line number="140" hits="2"/><line number="141" hits="1"/><line number="144" hits="1"/><line number="146" hits="1"/><line number="148" hits="1"/><line number="155" hits="1"/><line number="156" hits="1"/><line number="157" hits="0"/><line number="172" hits="2"/><line number="174" hits="3"/><line number="175" hits="1"/><line number="177" hits="4"/><line number="180" hits="1"/><line number="181" hits="0"/><line number="185" hits="1"/><line number="186" hits="1"/><line number="187" hits="0"/><line number="190" hits="3"/><line number="192" hits="2"/><line number="193" hits="1"/><line number="194" hits="0"/><line number="202" hits="1"/><line number="208" hits="1"/><line number="209" hits="2"/><line number="212" hits="1"/><line number="214" hits="1"/><line number="216" hits="0"/><line number="217" hits="0"/><line number="219" hits="1"/><line number="222" hits="1"/><line number="224" hits="0"/><line number="225" hits="0"/><line number="227" hits="4"/><line number="230" hits="2"/><line number="231" hits="1"/><line number="233" hits="4"/><line number="234" hits="1"/><line number="235" hits="4"/><line number="236" hits="1"/><line number="237" hits="4"/><line number="242" hits="2"/><line number="243" hits="4"/><line number="244" hits="0"/><line number="245" hits="0"/><line number="247" hits="2"/><line number="250" hits="4"/><line number="251" hits="0"/><line number="252" hits="0"/><line number="254" hits="2"/><line number="257" hits="2"/><line number="259" hits="4"/><line number="260" hits="2"/><line number="261" hits="2"/><line number="262" hits="6"/><line number="263" hits="4"/><line number="264" hits="2"/><line number="265" hits="4"/><line number="279" hits="4"/><line number="280" hits="2"/><line number="281" hits="4"/><line number="282" hits="0"/><line number="283" hits="0"/><line number="291" hits="1"/><line number="292" hits="2"/><line number="293" hits="1"/><line number="294" hits="0"/><line number="295" hits="0"/><line number="296" hits="0"/></lines></class></classes></package><package name="crates/koji-core/src/updates" line-rate="0.18433179723502305" branch-rate="0" complexity="0"><classes><class name="checker" filename="crates/koji-core/src/updates/checker.rs" line-rate="0.18433179723502305" branch-rate="0" complexity="0"><methods/><lines><line number="29" hits="4"/><line number="31" hits="5"/><line number="37" hits="0"/><line number="39" hits="0"/><line number="40" hits="0"/><line number="42" hits="0"/><line number="43" hits="0"/><line number="47" hits="0"/><line number="50" hits="0"/><line number="51" hits="0"/><line number="52" hits="0"/><line number="53" hits="0"/><line number="54" hits="0"/><line number="55" hits="0"/><line number="56" hits="0"/><line number="57" hits="0"/><line number="58" hits="0"/><line number="59" hits="0"/><line number="61" hits="0"/><line number="62" hits="0"/><line number="63" hits="0"/><line number="64" hits="0"/><line number="65" hits="0"/><line number="66" hits="0"/><line number="68" hits="0"/><line number="71" hits="0"/><line number="74" hits="0"/><line number="75" hits="0"/><line number="76" hits="0"/><line number="77" hits="0"/><line number="79" hits="0"/><line number="84" hits="0"/><line number="85" hits="0"/><line number="86" hits="0"/><line number="87" hits="0"/><line number="89" hits="0"/><line number="93" hits="0"/><line number="94" hits="0"/><line number="98" hits="0"/><line number="105" hits="0"/><line number="106" hits="0"/><line number="107" hits="0"/><line number="108" hits="0"/><line number="109" hits="0"/><line number="110" hits="0"/><line number="111" hits="0"/><line number="114" hits="0"/><line number="117" hits="0"/><line number="119" hits="0"/><line number="120" hits="0"/><line number="121" hits="0"/><line number="122" hits="0"/><line number="123" hits="0"/><line number="125" hits="0"/><line number="126" hits="0"/><line number="130" hits="0"/><line number="133" hits="0"/><line number="134" hits="0"/><line number="138" hits="0"/><line number="141" hits="0"/><line number="143" hits="0"/><line number="146" hits="0"/><line number="147" hits="0"/><line number="148" hits="0"/><line number="149" hits="0"/><line number="151" hits="0"/><line number="154" hits="0"/><line number="155" hits="0"/><line number="157" hits="0"/><line number="158" hits="0"/><line number="159" hits="0"/><line number="161" hits="0"/><line number="165" hits="0"/><line number="172" hits="0"/><line number="178" hits="0"/><line number="179" hits="0"/><line number="181" hits="0"/><line number="182" hits="0"/><line number="184" hits="0"/><line number="192" hits="0"/><line number="193" hits="0"/><line number="198" hits="0"/><line number="199" hits="0"/><line number="200" hits="0"/><line number="201" hits="0"/><line number="202" hits="0"/><line number="204" hits="0"/><line number="205" hits="0"/><line number="206" hits="0"/><line number="208" hits="0"/><line number="209" hits="0"/><line number="210" hits="0"/><line number="213" hits="0"/><line number="216" hits="0"/><line number="217" hits="0"/><line number="218" hits="0"/><line number="220" hits="0"/><line number="228" hits="0"/><line number="229" hits="0"/><line number="233" hits="0"/><line number="234" hits="0"/><line number="235" hits="0"/><line number="236" hits="0"/><line number="237" hits="0"/><line number="239" hits="0"/><line number="240" hits="0"/><line number="244" hits="0"/><line number="247" hits="0"/><line number="248" hits="0"/><line number="253" hits="0"/><line number="254" hits="0"/><line number="255" hits="0"/><line number="257" hits="0"/><line number="258" hits="0"/><line number="259" hits="0"/><line number="265" hits="0"/><line number="266" hits="0"/><line number="270" hits="0"/><line number="271" hits="0"/><line number="272" hits="0"/><line number="273" hits="0"/><line number="274" hits="0"/><line number="275" hits="0"/><line number="277" hits="0"/><line number="278" hits="0"/><line number="279" hits="0"/><line number="282" hits="0"/><line number="287" hits="0"/><line number="288" hits="0"/><line number="293" hits="0"/><line number="295" hits="0"/><line number="297" hits="0"/><line number="299" hits="0"/><line number="301" hits="0"/><line number="303" hits="0"/><line number="309" hits="0"/><line number="310" hits="0"/><line number="312" hits="0"/><line number="315" hits="0"/><line number="318" hits="0"/><line number="319" hits="0"/><line number="320" hits="0"/><line number="322" hits="0"/><line number="325" hits="0"/><line number="329" hits="0"/><line number="330" hits="0"/><line number="332" hits="0"/><line number="333" hits="0"/><line number="334" hits="0"/><line number="338" hits="0"/><line number="340" hits="0"/><line number="344" hits="0"/><line number="356" hits="0"/><line number="357" hits="0"/><line number="358" hits="0"/><line number="359" hits="0"/><line number="360" hits="0"/><line number="361" hits="0"/><line number="362" hits="0"/><line number="363" hits="0"/><line number="364" hits="0"/><line number="365" hits="0"/><line number="366" hits="0"/><line number="367" hits="0"/><line number="368" hits="0"/><line number="369" hits="0"/><line number="371" hits="0"/><line number="372" hits="0"/><line number="373" hits="0"/><line number="374" hits="0"/><line number="375" hits="0"/><line number="376" hits="0"/><line number="377" hits="0"/><line number="378" hits="0"/><line number="379" hits="0"/><line number="380" hits="0"/><line number="383" hits="0"/><line number="386" hits="0"/><line number="387" hits="0"/><line number="391" hits="1"/><line number="395" hits="4"/><line number="396" hits="1"/><line number="397" hits="2"/><line number="398" hits="2"/><line number="399" hits="1"/><line number="402" hits="4"/><line number="406" hits="5"/><line number="407" hits="1"/><line number="408" hits="6"/><line number="409" hits="4"/><line number="411" hits="1"/><line number="412" hits="1"/><line number="414" hits="4"/><line number="415" hits="1"/><line number="416" hits="2"/><line number="417" hits="2"/><line number="418" hits="1"/><line number="421" hits="4"/><line number="423" hits="1"/><line number="424" hits="1"/><line number="425" hits="2"/><line number="426" hits="1"/><line number="432" hits="1"/><line number="433" hits="1"/><line number="439" hits="1"/><line number="444" hits="3"/><line number="445" hits="2"/><line number="446" hits="1"/><line number="447" hits="1"/><line number="452" hits="2"/><line number="458" hits="2"/><line number="459" hits="1"/><line number="461" hits="1"/><line number="466" hits="1"/><line number="471" hits="1"/><line number="472" hits="2"/><line number="473" hits="1"/></lines></class></classes></package><package name="crates/koji-web/src/types" line-rate="0.5126582278481012" branch-rate="0" complexity="0"><classes><class name="config" filename="crates/koji-web/src/types/config.rs" line-rate="0.5126582278481012" branch-rate="0" complexity="0"><methods/><lines><line number="179" hits="0"/><line number="181" hits="0"/><line number="182" hits="0"/><line number="189" hits="0"/><line number="191" hits="0"/><line number="192" hits="0"/><line number="252" hits="0"/><line number="253" hits="0"/><line number="286" hits="0"/><line number="287" hits="0"/><line number="310" hits="0"/><line number="311" hits="0"/><line number="318" hits="0"/><line number="320" hits="0"/><line number="321" hits="0"/><line number="322" hits="0"/><line number="323" hits="0"/><line number="330" hits="0"/><line number="332" hits="0"/><line number="333" hits="0"/><line number="334" hits="0"/><line number="335" hits="0"/><line number="342" hits="0"/><line number="343" hits="0"/><line number="344" hits="0"/><line number="345" hits="0"/><line number="352" hits="0"/><line number="353" hits="0"/><line number="354" hits="0"/><line number="355" hits="0"/><line number="362" hits="0"/><line number="364" hits="0"/><line number="365" hits="0"/><line number="366" hits="0"/><line number="373" hits="0"/><line number="375" hits="0"/><line number="376" hits="0"/><line number="377" hits="0"/><line number="384" hits="2"/><line number="386" hits="2"/><line number="387" hits="2"/><line number="388" hits="2"/><line number="389" hits="2"/><line number="390" hits="2"/><line number="391" hits="2"/><line number="392" hits="2"/><line number="399" hits="1"/><line number="401" hits="1"/><line number="402" hits="1"/><line number="403" hits="1"/><line number="404" hits="1"/><line number="405" hits="1"/><line number="406" hits="1"/><line number="407" hits="1"/><line number="414" hits="2"/><line number="416" hits="2"/><line number="417" hits="2"/><line number="418" hits="2"/><line number="419" hits="2"/><line number="420" hits="2"/><line number="427" hits="1"/><line number="429" hits="1"/><line number="430" hits="1"/><line number="431" hits="1"/><line number="432" hits="1"/><line number="433" hits="1"/><line number="440" hits="2"/><line number="442" hits="2"/><line number="443" hits="2"/><line number="444" hits="2"/><line number="445" hits="2"/><line number="452" hits="1"/><line number="454" hits="1"/><line number="455" hits="1"/><line number="456" hits="1"/><line number="457" hits="1"/><line number="464" hits="0"/><line number="466" hits="0"/><line number="467" hits="0"/><line number="468" hits="0"/><line number="469" hits="0"/><line number="470" hits="0"/><line number="471" hits="0"/><line number="472" hits="0"/><line number="473" hits="0"/><line number="474" hits="0"/><line number="475" hits="0"/><line number="477" hits="0"/><line number="478" hits="0"/><line number="479" hits="0"/><line number="480" hits="0"/><line number="481" hits="0"/><line number="489" hits="0"/><line number="491" hits="0"/><line number="492" hits="0"/><line number="493" hits="0"/><line number="494" hits="0"/><line number="495" hits="0"/><line number="496" hits="0"/><line number="497" hits="0"/><line number="498" hits="0"/><line number="499" hits="0"/><line number="500" hits="0"/><line number="502" hits="0"/><line number="503" hits="0"/><line number="504" hits="0"/><line number="505" hits="0"/><line number="506" hits="0"/><line number="514" hits="2"/><line number="516" hits="2"/><line number="517" hits="2"/><line number="518" hits="2"/><line number="519" hits="2"/><line number="520" hits="2"/><line number="521" hits="2"/><line number="528" hits="1"/><line number="530" hits="1"/><line number="531" hits="1"/><line number="532" hits="1"/><line number="533" hits="1"/><line number="534" hits="1"/><line number="535" hits="1"/><line number="542" hits="2"/><line number="544" hits="2"/><line number="545" hits="2"/><line number="546" hits="2"/><line number="547" hits="2"/><line number="548" hits="2"/><line number="549" hits="2"/><line number="550" hits="2"/><line number="557" hits="1"/><line number="559" hits="1"/><line number="560" hits="1"/><line number="561" hits="1"/><line number="562" hits="1"/><line number="563" hits="1"/><line number="564" hits="1"/><line number="565" hits="1"/><line number="572" hits="2"/><line number="574" hits="2"/><line number="575" hits="8"/><line number="576" hits="2"/><line number="577" hits="2"/><line number="582" hits="2"/><line number="583" hits="2"/><line number="590" hits="1"/><line number="592" hits="1"/><line number="593" hits="4"/><line number="594" hits="1"/><line number="595" hits="1"/><line number="600" hits="1"/><line number="608" hits="0"/><line number="610" hits="0"/><line number="611" hits="0"/><line number="612" hits="0"/><line number="613" hits="0"/><line number="618" hits="0"/><line number="619" hits="0"/></lines></class></classes></package><package name="crates/koji-mock/src" line-rate="0" branch-rate="0" complexity="0"><classes><class name="main" filename="crates/koji-mock/src/main.rs" line-rate="0" branch-rate="0" complexity="0"><methods/><lines><line number="10" hits="0"/><line number="11" hits="0"/><line number="13" hits="0"/><line number="14" hits="0"/><line number="18" hits="0"/><line number="20" hits="0"/><line number="22" hits="0"/><line number="23" hits="0"/><line number="24" hits="0"/><line number="27" hits="0"/><line number="28" hits="0"/><line number="30" hits="0"/><line number="31" hits="0"/><line number="34" hits="0"/><line number="40" hits="0"/><line number="41" hits="0"/><line n
[...]
ber="16" hits="0"/><line number="18" hits="0"/><line number="22" hits="0"/><line number="23" hits="0"/><line number="25" hits="0"/><line number="27" hits="0"/><line number="28" hits="0"/><line number="29" hits="0"/><line number="30" hits="0"/><line number="31" hits="0"/><line number="32" hits="0"/><line number="34" hits="0"/><line number="35" hits="0"/><line number="36" hits="0"/><line number="38" hits="0"/><line number="41" hits="0"/><line number="42" hits="0"/><line number="43" hits="0"/><line number="44" hits="0"/><line number="45" hits="0"/><line number="48" hits="0"/><line number="50" hits="0"/><line number="51" hits="0"/><line number="52" hits="0"/><line number="53" hits="0"/><line number="54" hits="0"/><line number="55" hits="0"/><line number="56" hits="0"/><line number="57" hits="0"/><line number="58" hits="0"/><line number="61" hits="0"/><line number="64" hits="0"/><line number="65" hits="0"/><line number="66" hits="0"/><line number="67" hits="0"/><line number="69" hits="0"/><line number="75" hits="0"/><line number="76" hits="0"/><line number="77" hits="0"/></lines></class><class name="self_update" filename="crates/koji-cli/src/handlers/self_update.rs" line-rate="0" branch-rate="0" complexity="0"><methods/><lines><line number="12" hits="0"/><line number="13" hits="0"/><line number="15" hits="0"/><line number="17" hits="0"/><line number="19" hits="0"/><line number="20" hits="0"/><line number="22" hits="0"/><line number="23" hits="0"/><line number="24" hits="0"/><line number="27" hits="0"/><line number="28" hits="0"/><line number="29" hits="0"/><line number="31" hits="0"/><line number="34" hits="0"/><line number="35" hits="0"/><line number="37" hits="0"/><line number="40" hits="0"/><line number="42" hits="0"/><line number="44" hits="0"/><line number="48" hits="0"/><line number="50" hits="0"/></lines></class><class name="serve" filename="crates/koji-cli/src/handlers/serve.rs" line-rate="0" branch-rate="0" complexity="0"><methods/><lines><line number="9" hits="0"/><line number="10" hits="0"/><line number="15" hits="0"/><line number="16" hits="0"/><line number="17" hits="0"/><line number="18" hits="0"/><line number="19" hits="0"/><line number="25" hits="0"/><line number="37" hits="0"/><line number="38" hits="0"/><line number="39" hits="0"/><line number="40" hits="0"/><line number="43" hits="0"/><line number="46" hits="0"/><line number="47" hits="0"/><line number="48" hits="0"/><line number="49" hits="0"/><line number="53" hits="0"/><line number="55" hits="0"/><line number="56" hits="0"/><line number="59" hits="0"/><line number="60" hits="0"/><line number="62" hits="0"/><line number="64" hits="0"/><line number="65" hits="0"/><line number="66" hits="0"/><line number="67" hits="0"/><line number="68" hits="0"/><line number="70" hits="0"/><line number="71" hits="0"/><line number="73" hits="0"/><line number="75" hits="0"/><line number="80" hits="0"/><line number="83" hits="0"/><line number="86" hits="0"/><line number="89" hits="0"/><line number="95" hits="0"/><line number="96" hits="0"/><line number="98" hits="0"/><line number="99" hits="0"/><line number="101" hits="0"/><line number="102" hits="0"/><line number="103" hits="0"/><line number="104" hits="0"/><line number="105" hits="0"/><line number="106" hits="0"/><line number="107" hits="0"/><line number="108" hits="0"/><line number="109" hits="0"/><line number="110" hits="0"/><line number="111" hits="0"/><line number="112" hits="0"/><line number="113" hits="0"/><line number="114" hits="0"/><line number="115" hits="0"/><line number="116" hits="0"/><line number="118" hits="0"/><line number="120" hits="0"/><line number="126" hits="0"/><line number="127" hits="0"/><line number="129" hits="0"/></lines></class><class name="service_cmd" filename="crates/koji-cli/src/handlers/service_cmd.rs" line-rate="0" branch-rate="0" complexity="0"><methods/><lines><line number="10" hits="0"/><line number="11" hits="0"/><line number="12" hits="0"/><line number="13" hits="0"/><line number="15" hits="0"/><line number="16" hits="0"/><line number="17" hits="0"/><line number="19" hits="0"/><line number="22" hits="0"/><line number="40" hits="0"/><line number="41" hits="0"/><line number="44" hits="0"/><line number="45" hits="0"/><line number="47" hits="0"/><line number="49" hits="0"/><line number="50" hits="0"/><line number="51" hits="0"/><line number="63" hits="0"/><line number="75" hits="0"/><line number="83" hits="0"/><line number="84" hits="0"/><line number="86" hits="0"/><line number="88" hits="0"/><line number="94" hits="0"/><line number="95" hits="0"/><line number="96" hits="0"/><line number="97" hits="0"/><line number="98" hits="0"/><line number="99" hits="0"/><line number="100" hits="0"/><line number="102" hits="0"/><line number="103" hits="0"/><line number="104" hits="0"/><line number="105" hits="0"/><line number="106" hits="0"/><line number="107" hits="0"/><line number="108" hits="0"/><line number="110" hits="0"/><line number="111" hits="0"/><line number="112" hits="0"/><line number="113" hits="0"/><line number="114" hits="0"/><line number="115" hits="0"/><line number="116" hits="0"/><line number="118" hits="0"/><line number="119" hits="0"/><line number="120" hits="0"/><line number="121" hits="0"/><line number="122" hits="0"/><line number="131" hits="0"/><line number="139" hits="0"/><line number="142" hits="0"/><line number="147" hits="0"/><line number="156" hits="0"/><line number="165" hits="0"/><line number="170" hits="0"/><line number="180" hits="0"/><line number="189" hits="0"/><line number="194" hits="0"/><line number="205" hits="0"/><line number="214" hits="0"/><line number="221" hits="0"/><line number="222" hits="0"/><line number="223" hits="0"/><line number="225" hits="0"/></lines></class><class name="status" filename="crates/koji-cli/src/handlers/status.rs" line-rate="0" branch-rate="0" complexity="0"><methods/><lines><line number="12" hits="0"/><line number="13" hits="0"/><line number="14" hits="0"/><line number="17" hits="0"/><line number="18" hits="0"/><line number="20" hits="0"/><line number="21" hits="0"/><line number="24" hits="0"/><line number="25" hits="0"/><line number="26" hits="0"/><line number="27" hits="0"/><line number="31" hits="0"/><line number="32" hits="0"/><line number="33" hits="0"/><line number="38" hits="0"/><line number="39" hits="0"/><line number="43" hits="0"/><line number="45" hits="0"/><line number="46" hits="0"/><line number="47" hits="0"/><line number="48" hits="0"/><line number="52" hits="0"/><line number="53" hits="0"/><line number="57" hits="0"/><line number="60" hits="0"/><line number="64" hits="0"/><line number="68" hits="0"/><line number="70" hits="0"/><line number="71" hits="0"/><line number="79" hits="0"/><line number="82" hits="0"/><line number="83" hits="0"/><line number="84" hits="0"/><line number="85" hits="0"/><line number="88" hits="0"/><line number="89" hits="0"/><line number="92" hits="0"/><line number="93" hits="0"/><line number="97" hits="0"/><line number="99" hits="0"/><line number="100" hits="0"/><line number="101" hits="0"/><line number="102" hits="0"/><line number="105" hits="0"/><line number="106" hits="0"/><line number="109" hits="0"/><line number="110" hits="0"/><line number="112" hits="0"/><line number="114" hits="0"/><line number="116" hits="0"/><line number="118" hits="0"/><line number="120" hits="0"/><line number="122" hits="0"/><line number="125" hits="0"/><line number="126" hits="0"/><line number="130" hits="0"/><line number="131" hits="0"/><line number="132" hits="0"/><line number="133" hits="0"/><line number="134" hits="0"/><line number="136" hits="0"/><line number="139" hits="0"/><line number="140" hits="0"/><line number="144" hits="0"/><line number="146" hits="0"/><line number="148" hits="0"/><line number="152" hits="0"/><line number="153" hits="0"/><line number="154" hits="0"/><line number="155" hits="0"/><line number="158" hits="0"/><line number="159" hits="0"/><line number="164" hits="0"/><line number="165" hits="0"/><line number="166" hits="0"/><line number="170" hits="0"/><line number="177" hits="0"/><line number="178" hits="0"/><line number="180" hits="0"/><line number="184" hits="0"/><line number="186" hits="0"/><line number="187" hits="0"/><line number="190" hits="0"/><line number="193" hits="0"/><line number="194" hits="0"/><line number="195" hits="0"/><line number="196" hits="0"/><line number="200" hits="0"/><line number="202" hits="0"/><line number="203" hits="0"/><line number="207" hits="0"/><line number="208" hits="0"/><line number="209" hits="0"/><line number="210" hits="0"/><line number="211" hits="0"/><line number="217" hits="0"/><line number="221" hits="0"/><line number="222" hits="0"/><line number="223" hits="0"/><line number="226" hits="0"/><line number="227" hits="0"/><line number="228" hits="0"/><line number="229" hits="0"/><line number="230" hits="0"/><line number="231" hits="0"/><line number="234" hits="0"/><line number="235" hits="0"/><line number="236" hits="0"/><line number="237" hits="0"/><line number="238" hits="0"/><line number="242" hits="0"/><line number="244" hits="0"/><line number="245" hits="0"/><line number="247" hits="0"/><line number="248" hits="0"/><line number="249" hits="0"/><line number="250" hits="0"/><line number="251" hits="0"/><line number="253" hits="0"/><line number="256" hits="0"/><line number="259" hits="0"/><line number="261" hits="0"/><line number="262" hits="0"/><line number="265" hits="0"/><line number="266" hits="0"/><line number="267" hits="0"/><line number="268" hits="0"/><line number="270" hits="0"/><line number="271" hits="0"/><line number="273" hits="0"/><line number="275" hits="0"/><line number="276" hits="0"/><line number="278" hits="0"/><line number="280" hits="0"/><line number="290" hits="0"/><line number="291" hits="0"/><line number="292" hits="0"/><line number="294" hits="0"/><line number="298" hits="0"/></lines></class><class name="web" filename="crates/koji-cli/src/handlers/web.rs" line-rate="0" branch-rate="0" complexity="0"><methods/><lines><line number="3" hits="0"/><line number="10" hits="0"/><line number="11" hits="0"/><line number="12" hits="0"/><line number="15" hits="0"/><line number="16" hits="0"/><line number="17" hits="0"/><line number="18" hits="0"/><line number="19" hits="0"/><line number="20" hits="0"/><line number="21" hits="0"/><line number="23" hits="0"/></lines></class></classes></package><package name="crates/koji-core/src/platform" line-rate="0" branch-rate="0" complexity="0"><classes><class name="linux" filename="crates/koji-core/src/platform/linux.rs" line-rate="0" branch-rate="0" complexity="0"><methods/><lines><line number="7" hits="0"/><line number="14" hits="0"/><line number="15" hits="0"/><line number="17" hits="0"/><line number="18" hits="0"/><line number="19" hits="0"/><line number="21" hits="0"/><line number="23" hits="0"/><line number="38" hits="0"/><line number="39" hits="0"/><line number="41" hits="0"/><line number="43" hits="0"/><line number="45" hits="0"/><line number="49" hits="0"/><line number="50" hits="0"/><line number="51" hits="0"/><line number="53" hits="0"/><line number="58" hits="0"/><line number="59" hits="0"/><line number="61" hits="0"/><line number="63" hits="0"/><line number="78" hits="0"/><line number="79" hits="0"/><line number="81" hits="0"/><line number="83" hits="0"/><line number="85" hits="0"/><line number="88" hits="0"/><line number="89" hits="0"/><line number="91" hits="0"/><line number="92" hits="0"/><line number="94" hits="0"/><line number="97" hits="0"/><line number="98" hits="0"/><line number="101" hits="0"/><line number="102" hits="0"/><line number="104" hits="0"/><line number="105" hits="0"/><line number="109" hits="0"/><line number="111" hits="0"/><line number="114" hits="0"/><line number="115" hits="0"/><line number="118" hits="0"/><line number="120" hits="0"/><line number="123" hits="0"/><line number="124" hits="0"/><line number="125" hits="0"/><line number="127" hits="0"/><line number="128" hits="0"/><line number="129" hits="0"/><line number="130" hits="0"/><line number="133" hits="0"/><line number="135" hits="0"/><line number="138" hits="0"/><line number="139" hits="0"/><line number="140" hits="0"/><line number="141" hits="0"/><line number="144" hits="0"/><line number="145" hits="0"/><line number="150" hits="0"/><line number="151" hits="0"/><line number="152" hits="0"/><line number="153" hits="0"/><line number="154" hits="0"/><line number="155" hits="0"/><line number="161" hits="0"/><line number="162" hits="0"/><line number="163" hits="0"/><line number="164" hits="0"/><line number="166" hits="0"/><line number="171" hits="0"/><line number="172" hits="0"/><line number="173" hits="0"/><line number="174" hits="0"/><line number="176" hits="0"/><line number="184" hits="0"/><line number="185" hits="0"/><line number="188" hits="0"/><line number="189" hits="0"/><line number="190" hits="0"/><line number="195" hits="0"/><line number="196" hits="0"/><line number="197" hits="0"/><line number="200" hits="0"/><line number="207" hits="0"/><line number="208" hits="0"/><line number="209" hits="0"/><line number="212" hits="0"/><line number="213" hits="0"/><line number="214" hits="0"/><line number="219" hits="0"/><line number="220" hits="0"/><line number="221" hits="0"/><line number="223" hits="0"/><line number="224" hits="0"/></lines></class></classes></package><package name="crates/koji-cli/tests" line-rate="0.990990990990991" branch-rate="0" complexity="0"><classes><class name="tests" filename="crates/koji-cli/tests/tests.rs" line-rate="0.990990990990991" branch-rate="0" complexity="0"><methods/><lines><line number="1" hits="2"/><line number="5" hits="3"/><line number="6" hits="1"/><line number="7" hits="1"/><line number="8" hits="2"/><line number="9" hits="1"/><line number="10" hits="2"/><line number="13" hits="3"/><line number="14" hits="1"/><line number="15" hits="1"/><line number="16" hits="2"/><line number="17" hits="1"/><line number="19" hits="1"/><line number="21" hits="2"/><line number="24" hits="3"/><line number="25" hits="1"/><line number="26" hits="1"/><line number="27" hits="2"/><line number="28" hits="1"/><line number="30" hits="1"/><line number="32" hits="2"/><line number="35" hits="3"/><line number="36" hits="1"/><line number="37" hits="1"/><line number="38" hits="2"/><line number="39" hits="1"/><line number="40" hits="2"/><line number="43" hits="3"/><line number="44" hits="1"/><line number="45" hits="1"/><line number="46" hits="2"/><line number="47" hits="1"/><line number="48" hits="2"/><line number="51" hits="3"/><line number="52" hits="1"/><line number="53" hits="1"/><line number="54" hits="2"/><line number="55" hits="1"/><line number="56" hits="2"/><line number="59" hits="3"/><line number="60" hits="1"/><line number="61" hits="1"/><line number="62" hits="2"/><line number="63" hits="1"/><line number="64" hits="2"/><line number="67" hits="3"/><line number="68" hits="2"/><line number="69" hits="1"/><line number="70" hits="1"/><line number="71" hits="1"/><line number="72" hits="1"/><line number="73" hits="1"/><line number="74" hits="1"/><line number="75" hits="1"/><line number="76" hits="1"/><line number="78" hits="1"/><line number="79" hits="2"/><line number="80" hits="1"/><line number="81" hits="1"/><line number="82" hits="1"/><line number="83" hits="1"/><line number="85" hits="2"/><line number="86" hits="1"/><line number="87" hits="1"/><line number="88" hits="1"/><line number="89" hits="1"/><line number="92" hits="2"/><line number="95" hits="3"/><line number="96" hits="2"/><line number="97" hits="1"/><line number="98" hits="1"/><line number="99" hits="1"/><line number="100" hits="1"/><line number="102" hits="1"/><line number="103" hits="2"/><line number="104" hits="1"/><line number="105" hits="1"/><line number="106" hits="1"/><line number="107" hits="1"/><line number="109" hits="2"/><line number="110" hits="1"/><line number="111" hits="1"/><line number="112" hits="1"/><line number="113" hits="1"/><line number="116" hits="2"/><line number="119" hits="3"/><line number="120" hits="1"/><line number="121" hits="1"/><line number="122" hits="2"/><line number="123" hits="2"/><line number="126" hits="3"/><line number="127" hits="2"/><line number="128" hits="1"/><line number="129" hits="1"/><line number="130" hits="1"/><line number="131" hits="1"/><line number="132" hits="1"/><line number="133" hits="1"/><line number="134" hits="1"/><line number="135" hits="1"/><line number="137" hits="1"/><line number="138" hits="2"/><line number="139" hits="1"/><line number="140" hits="1"/><line number="141" hits="1"/><line number="142" hits="1"/><line number="144" hits="2"/><line number="145" hits="1"/><line number="146" hits="1"/><line number="147" hits="1"/><line number="148" hits="1"/><line number="151" hits="2"/><line number="154" hits="3"/><line number="155" hits="1"/><line number="156" hits="1"/><line number="157" hits="2"/><line number="158" hits="1"/><line number="159" hits="1"/><line number="160" hits="2"/><line number="163" hits="3"/><line number="164" hits="1"/><line number="165" hits="1"/><line number="166" hits="2"/><line number="167" hits="2"/><line number="170" hits="3"/><line number="171" hits="1"/><line number="172" hits="1"/><line number="173" hits="2"/><line number="174" hits="2"/><line number="182" hits="5"/><line number="183" hits="3"/><line number="184" hits="2"/><line number="185" hits="1"/><line number="186" hits="2"/><line number="187" hits="1"/><line number="188" hits="1"/><line number="189" hits="3"/><line number="190" hits="1"/><line number="192" hits="3"/><line number="193" hits="1"/><line number="194" hits="1"/><line number="195" hits="1"/><line number="199" hits="3"/><line number="200" hits="2"/><line number="201" hits="1"/><line number="202" hits="2"/><line number="203" hits="1"/><line number="206" hits="2"/><line number="207" hits="4"/><line number="210" hits="5"/><line number="211" hits="3"/><line number="212" hits="2"/><line number="213" hits="1"/><line number="214" hits="2"/><line number="215" hits="1"/><line number="216" hits="1"/><line number="217" hits="3"/><line number="218" hits="1"/><line number="220" hits="3"/><line number="221" hits="1"/><line number="222" hits="1"/><line number="223" hits="1"/><line number="226" hits="3"/><line number="227" hits="2"/><line number="228" hits="1"/><line number="229" hits="2"/><line number="230" hits="1"/><line number="233" hits="2"/><line number="234" hits="4"/><line number="237" hits="5"/><line number="238" hits="3"/><line number="239" hits="2"/><line number="242" hits="2"/><line number="243" hits="1"/><line number="246" hits="2"/><line number="248" hits="1"/><line number="249" hits="1"/><line number="250" hits="1"/><line number="251" hits="1"/><line number="252" hits="1"/><line number="253" hits="1"/><line number="254" hits="1"/><line number="255" hits="1"/><line number="256" hits="1"/><line number="257" hits="1"/><line number="259" hits="1"/><line number="262" hits="1"/><line number="264" hits="1"/><line number="265" hits="1"/><line number="266" hits="1"/><line number="268" hits="0"/><line number="269" hits="1"/><line number="270" hits="1"/><line number="271" hits="1"/><line number="273" hits="2"/><line number="274" hits="2"/><line number="275" hits="1"/><line number="276" hits="2"/><line number="277" hits="1"/><line number="278" hits="1"/><line number="279" hits="1"/><line number="280" hits="0"/><line number="281" hits="1"/><line number="282" hits="3"/><line number="283" hits="1"/><line number="285" hits="3"/><line number="286" hits="1"/><line number="287" hits="1"/><line number="290" hits="1"/><line number="293" hits="3"/><line number="295" hits="2"/><line number="296" hits="1"/><line number="297" hits="2"/><line number="299" hits="1"/><line number="300" hits="2"/><line number="301" hits="1"/><line number="302" hits="1"/><line number="304" hits="2"/><line number="305" hits="1"/><line number="306" hits="1"/><line number="309" hits="3"/><line number="310" hits="4"/></lines></class></classes></package></packages></coverage>